<?xml version="1.0" encoding="UTF-8"?>
<!-- Generated by org.testng.reporters.JUnitXMLReporter -->
<testsuite ignored="0" hostname="Govi-Raj2819" failures="0" tests="3" name="Default test" time="35.849" errors="0" timestamp="2025-02-26T07:21:40 IST">
  <testcase classname="alltests.EndtoEndTest" name="loginTest" time="17.719"/>
  <testcase classname="alltests.EndtoEndTest" name="secondTest" time="9.018"/>
  <testcase classname="alltests.EndtoEndTest" name="thirdTest" time="8.68"/>
</testsuite> <!-- Default test -->
