<?xml version="1.0" encoding="UTF-8"?>
<testng-results ignored="0" total="3" passed="3" failed="0" skipped="0">
  <reporter-output>
  </reporter-output>
  <suite started-at="2025-02-26T07:21:04 IST" name="Default suite" finished-at="2025-02-26T07:21:40 IST" duration-ms="35849">
    <groups>
    </groups>
    <test started-at="2025-02-26T07:21:04 IST" name="Default test" finished-at="2025-02-26T07:21:40 IST" duration-ms="35849">
      <class name="alltests.EndtoEndTest">
        <test-method is-config="true" signature="BeforeTest()[pri:0, instance:alltests.EndtoEndTest@201a4587]" started-at="2025-02-26T07:21:04 IST" name="BeforeTest" finished-at="2025-02-26T07:21:04 IST" duration-ms="7" status="PASS">
          <reporter-output>
          </reporter-output>
        </test-method> <!-- BeforeTest -->
        <test-method signature="loginTest()[pri:0, instance:alltests.EndtoEndTest@201a4587]" started-at="2025-02-26T07:21:04 IST" name="loginTest" finished-at="2025-02-26T07:21:22 IST" duration-ms="17719" status="PASS">
          <reporter-output>
          </reporter-output>
        </test-method> <!-- loginTest -->
        <test-method is-config="true" signature="closeTest()[pri:0, instance:alltests.EndtoEndTest@201a4587]" started-at="2025-02-26T07:21:22 IST" name="closeTest" finished-at="2025-02-26T07:21:22 IST" duration-ms="137" status="PASS">
          <reporter-output>
          </reporter-output>
        </test-method> <!-- closeTest -->
        <test-method signature="secondTest()[pri:0, instance:alltests.EndtoEndTest@201a4587]" started-at="2025-02-26T07:21:22 IST" name="secondTest" finished-at="2025-02-26T07:21:31 IST" duration-ms="9018" status="PASS">
          <reporter-output>
          </reporter-output>
        </test-method> <!-- secondTest -->
        <test-method is-config="true" signature="BeforeTest()[pri:0, instance:alltests.EndtoEndTest@201a4587]" started-at="2025-02-26T07:21:22 IST" name="BeforeTest" finished-at="2025-02-26T07:21:22 IST" duration-ms="0" status="PASS">
          <reporter-output>
          </reporter-output>
        </test-method> <!-- BeforeTest -->
        <test-method is-config="true" signature="closeTest()[pri:0, instance:alltests.EndtoEndTest@201a4587]" started-at="2025-02-26T07:21:31 IST" name="closeTest" finished-at="2025-02-26T07:21:31 IST" duration-ms="97" status="PASS">
          <reporter-output>
          </reporter-output>
        </test-method> <!-- closeTest -->
        <test-method signature="thirdTest()[pri:0, instance:alltests.EndtoEndTest@201a4587]" started-at="2025-02-26T07:21:31 IST" name="thirdTest" finished-at="2025-02-26T07:21:40 IST" duration-ms="8680" status="PASS">
          <reporter-output>
          </reporter-output>
        </test-method> <!-- thirdTest -->
        <test-method is-config="true" signature="BeforeTest()[pri:0, instance:alltests.EndtoEndTest@201a4587]" started-at="2025-02-26T07:21:31 IST" name="BeforeTest" finished-at="2025-02-26T07:21:31 IST" duration-ms="0" status="PASS">
          <reporter-output>
          </reporter-output>
        </test-method> <!-- BeforeTest -->
        <test-method is-config="true" signature="closeTest()[pri:0, instance:alltests.EndtoEndTest@201a4587]" started-at="2025-02-26T07:21:40 IST" name="closeTest" finished-at="2025-02-26T07:21:40 IST" duration-ms="92" status="PASS">
          <reporter-output>
          </reporter-output>
        </test-method> <!-- closeTest -->
      </class> <!-- alltests.EndtoEndTest -->
    </test> <!-- Default test -->
  </suite> <!-- Default suite -->
</testng-results>
